[2025-07-17T12:43:10.246+0000] {local_task_job_runner.py:120} INFO - ::group::Pre task execution logs
[2025-07-17T12:43:10.290+0000] {taskinstance.py:2076} INFO - Dependencies all met for dep_context=non-requeueable deps ti=<TaskInstance: medical_image_pipeline_dag.spark_preprocess_task manual__2025-07-17T12:43:08.511629+00:00 [queued]>
[2025-07-17T12:43:10.300+0000] {taskinstance.py:2076} INFO - Dependencies all met for dep_context=requeueable deps ti=<TaskInstance: medical_image_pipeline_dag.spark_preprocess_task manual__2025-07-17T12:43:08.511629+00:00 [queued]>
[2025-07-17T12:43:10.302+0000] {taskinstance.py:2306} INFO - Starting attempt 1 of 1
[2025-07-17T12:43:10.317+0000] {taskinstance.py:2330} INFO - Executing <Task(BashOperator): spark_preprocess_task> on 2025-07-17 12:43:08.511629+00:00
[2025-07-17T12:43:10.325+0000] {logging_mixin.py:188} WARNING - /home/***/.local/lib/python3.12/site-packages/***/task/task_runner/standard_task_runner.py:61 DeprecationWarning: This process (pid=193) is multi-threaded, use of fork() may lead to deadlocks in the child.
[2025-07-17T12:43:10.327+0000] {standard_task_runner.py:63} INFO - Started process 194 to run task
[2025-07-17T12:43:10.326+0000] {standard_task_runner.py:90} INFO - Running: ['***', 'tasks', 'run', 'medical_image_pipeline_dag', 'spark_preprocess_task', 'manual__2025-07-17T12:43:08.511629+00:00', '--job-id', '15', '--raw', '--subdir', 'DAGS_FOLDER/medical_image_pipeline_dag.py', '--cfg-path', '/tmp/tmpxnvdgt4_']
[2025-07-17T12:43:10.329+0000] {standard_task_runner.py:91} INFO - Job 15: Subtask spark_preprocess_task
[2025-07-17T12:43:10.348+0000] {logging_mixin.py:188} WARNING - /home/***/.local/lib/python3.12/site-packages/***/settings.py:195 DeprecationWarning: The sql_alchemy_conn option in [core] has been moved to the sql_alchemy_conn option in [database] - the old setting has been used, but please update your config.
[2025-07-17T12:43:10.409+0000] {task_command.py:426} INFO - Running <TaskInstance: medical_image_pipeline_dag.spark_preprocess_task manual__2025-07-17T12:43:08.511629+00:00 [running]> on host 88cf9b3f4bfd
[2025-07-17T12:43:10.520+0000] {taskinstance.py:2648} INFO - Exporting env vars: AIRFLOW_CTX_DAG_OWNER='***' AIRFLOW_CTX_DAG_ID='medical_image_pipeline_dag' AIRFLOW_CTX_TASK_ID='spark_preprocess_task' AIRFLOW_CTX_EXECUTION_DATE='2025-07-17T12:43:08.511629+00:00' AIRFLOW_CTX_TRY_NUMBER='1' AIRFLOW_CTX_DAG_RUN_ID='manual__2025-07-17T12:43:08.511629+00:00'
[2025-07-17T12:43:10.521+0000] {taskinstance.py:430} INFO - ::endgroup::
[2025-07-17T12:43:10.544+0000] {subprocess.py:63} INFO - Tmp dir root location: /tmp
[2025-07-17T12:43:10.545+0000] {subprocess.py:75} INFO - Running command: ['/usr/bin/bash', '-c', 'python /opt/***/scripts/spark_preprocess.py /opt/***/data/raw_images /opt/***/data/processed_features']
[2025-07-17T12:43:10.559+0000] {subprocess.py:86} INFO - Output:
[2025-07-17T12:43:10.716+0000] {subprocess.py:93} INFO - Simulating Spark preprocessing from /opt/***/data/raw_images to /opt/***/data/processed_features
[2025-07-17T12:43:10.717+0000] {subprocess.py:93} INFO -   Processed image_001.dcm -> image_001.features.txt
[2025-07-17T12:43:10.720+0000] {subprocess.py:93} INFO -   Processed image_002.dcm -> image_002.features.txt
[2025-07-17T12:43:10.721+0000] {subprocess.py:93} INFO -   Processed image_003.dcm -> image_003.features.txt
[2025-07-17T12:43:10.723+0000] {subprocess.py:93} INFO - Spark preprocessing simulation complete.
[2025-07-17T12:43:10.724+0000] {subprocess.py:97} INFO - Command exited with return code 0
[2025-07-17T12:43:10.725+0000] {taskinstance.py:441} INFO - ::group::Post task execution logs
[2025-07-17T12:43:10.759+0000] {taskinstance.py:1206} INFO - Marking task as SUCCESS. dag_id=medical_image_pipeline_dag, task_id=spark_preprocess_task, run_id=manual__2025-07-17T12:43:08.511629+00:00, execution_date=20250717T124308, start_date=20250717T124310, end_date=20250717T124310
[2025-07-17T12:43:10.783+0000] {local_task_job_runner.py:240} INFO - Task exited with return code 0
[2025-07-17T12:43:10.822+0000] {taskinstance.py:3503} INFO - 1 downstream tasks scheduled from follow-on schedule check
[2025-07-17T12:43:10.824+0000] {local_task_job_runner.py:222} INFO - ::endgroup::
