[2025-07-17T12:32:23.609+0000] {local_task_job_runner.py:120} INFO - ::group::Pre task execution logs
[2025-07-17T12:32:23.653+0000] {taskinstance.py:2076} INFO - Dependencies all met for dep_context=non-requeueable deps ti=<TaskInstance: hello_airflow_dag.print_hello manual__2025-07-17T12:32:22.727842+00:00 [queued]>
[2025-07-17T12:32:23.664+0000] {taskinstance.py:2076} INFO - Dependencies all met for dep_context=requeueable deps ti=<TaskInstance: hello_airflow_dag.print_hello manual__2025-07-17T12:32:22.727842+00:00 [queued]>
[2025-07-17T12:32:23.666+0000] {taskinstance.py:2306} INFO - Starting attempt 1 of 1
[2025-07-17T12:32:23.683+0000] {taskinstance.py:2330} INFO - Executing <Task(BashOperator): print_hello> on 2025-07-17 12:32:22.727842+00:00
[2025-07-17T12:32:23.694+0000] {logging_mixin.py:188} WARNING - /home/***/.local/lib/python3.12/site-packages/***/task/task_runner/standard_task_runner.py:61 DeprecationWarning: This process (pid=187) is multi-threaded, use of fork() may lead to deadlocks in the child.
[2025-07-17T12:32:23.696+0000] {standard_task_runner.py:63} INFO - Started process 188 to run task
[2025-07-17T12:32:23.697+0000] {standard_task_runner.py:90} INFO - Running: ['***', 'tasks', 'run', 'hello_***_dag', 'print_hello', 'manual__2025-07-17T12:32:22.727842+00:00', '--job-id', '6', '--raw', '--subdir', 'DAGS_FOLDER/hello_***_dag.py', '--cfg-path', '/tmp/tmpg3i1nylb']
[2025-07-17T12:32:23.701+0000] {standard_task_runner.py:91} INFO - Job 6: Subtask print_hello
[2025-07-17T12:32:23.724+0000] {logging_mixin.py:188} WARNING - /home/***/.local/lib/python3.12/site-packages/***/settings.py:195 DeprecationWarning: The sql_alchemy_conn option in [core] has been moved to the sql_alchemy_conn option in [database] - the old setting has been used, but please update your config.
[2025-07-17T12:32:23.793+0000] {task_command.py:426} INFO - Running <TaskInstance: hello_airflow_dag.print_hello manual__2025-07-17T12:32:22.727842+00:00 [running]> on host 793e2bb10c7e
[2025-07-17T12:32:23.970+0000] {taskinstance.py:2648} INFO - Exporting env vars: AIRFLOW_CTX_DAG_OWNER='***' AIRFLOW_CTX_DAG_ID='hello_***_dag' AIRFLOW_CTX_TASK_ID='print_hello' AIRFLOW_CTX_EXECUTION_DATE='2025-07-17T12:32:22.727842+00:00' AIRFLOW_CTX_TRY_NUMBER='1' AIRFLOW_CTX_DAG_RUN_ID='manual__2025-07-17T12:32:22.727842+00:00'
[2025-07-17T12:32:23.973+0000] {taskinstance.py:430} INFO - ::endgroup::
[2025-07-17T12:32:23.994+0000] {subprocess.py:63} INFO - Tmp dir root location: /tmp
[2025-07-17T12:32:23.995+0000] {subprocess.py:75} INFO - Running command: ['/usr/bin/bash', '-c', 'echo "Hello Airflow!"']
[2025-07-17T12:32:24.006+0000] {subprocess.py:86} INFO - Output:
[2025-07-17T12:32:24.009+0000] {subprocess.py:93} INFO - Hello Airflow!
[2025-07-17T12:32:24.010+0000] {subprocess.py:97} INFO - Command exited with return code 0
[2025-07-17T12:32:24.011+0000] {taskinstance.py:441} INFO - ::group::Post task execution logs
[2025-07-17T12:32:24.044+0000] {taskinstance.py:1206} INFO - Marking task as SUCCESS. dag_id=hello_***_dag, task_id=print_hello, run_id=manual__2025-07-17T12:32:22.727842+00:00, execution_date=20250717T123222, start_date=20250717T123223, end_date=20250717T123224
[2025-07-17T12:32:24.073+0000] {local_task_job_runner.py:240} INFO - Task exited with return code 0
[2025-07-17T12:32:24.096+0000] {taskinstance.py:3503} INFO - 0 downstream tasks scheduled from follow-on schedule check
[2025-07-17T12:32:24.098+0000] {local_task_job_runner.py:222} INFO - ::endgroup::
