[2025-07-17T12:43:11.375+0000] {local_task_job_runner.py:120} INFO - ::group::Pre task execution logs
[2025-07-17T12:43:11.419+0000] {taskinstance.py:2076} INFO - Dependencies all met for dep_context=non-requeueable deps ti=<TaskInstance: medical_image_pipeline_dag.ai_inference_task manual__2025-07-17T12:43:08.511629+00:00 [queued]>
[2025-07-17T12:43:11.432+0000] {taskinstance.py:2076} INFO - Dependencies all met for dep_context=requeueable deps ti=<TaskInstance: medical_image_pipeline_dag.ai_inference_task manual__2025-07-17T12:43:08.511629+00:00 [queued]>
[2025-07-17T12:43:11.433+0000] {taskinstance.py:2306} INFO - Starting attempt 1 of 1
[2025-07-17T12:43:11.449+0000] {taskinstance.py:2330} INFO - Executing <Task(BashOperator): ai_inference_task> on 2025-07-17 12:43:08.511629+00:00
[2025-07-17T12:43:11.460+0000] {logging_mixin.py:188} WARNING - /home/***/.local/lib/python3.12/site-packages/***/task/task_runner/standard_task_runner.py:61 DeprecationWarning: This process (pid=196) is multi-threaded, use of fork() may lead to deadlocks in the child.
[2025-07-17T12:43:11.462+0000] {standard_task_runner.py:63} INFO - Started process 197 to run task
[2025-07-17T12:43:11.460+0000] {standard_task_runner.py:90} INFO - Running: ['***', 'tasks', 'run', 'medical_image_pipeline_dag', 'ai_inference_task', 'manual__2025-07-17T12:43:08.511629+00:00', '--job-id', '16', '--raw', '--subdir', 'DAGS_FOLDER/medical_image_pipeline_dag.py', '--cfg-path', '/tmp/tmpx4wx8o_1']
[2025-07-17T12:43:11.463+0000] {standard_task_runner.py:91} INFO - Job 16: Subtask ai_inference_task
[2025-07-17T12:43:11.483+0000] {logging_mixin.py:188} WARNING - /home/***/.local/lib/python3.12/site-packages/***/settings.py:195 DeprecationWarning: The sql_alchemy_conn option in [core] has been moved to the sql_alchemy_conn option in [database] - the old setting has been used, but please update your config.
[2025-07-17T12:43:11.556+0000] {task_command.py:426} INFO - Running <TaskInstance: medical_image_pipeline_dag.ai_inference_task manual__2025-07-17T12:43:08.511629+00:00 [running]> on host 88cf9b3f4bfd
[2025-07-17T12:43:11.667+0000] {taskinstance.py:2648} INFO - Exporting env vars: AIRFLOW_CTX_DAG_OWNER='***' AIRFLOW_CTX_DAG_ID='medical_image_pipeline_dag' AIRFLOW_CTX_TASK_ID='ai_inference_task' AIRFLOW_CTX_EXECUTION_DATE='2025-07-17T12:43:08.511629+00:00' AIRFLOW_CTX_TRY_NUMBER='1' AIRFLOW_CTX_DAG_RUN_ID='manual__2025-07-17T12:43:08.511629+00:00'
[2025-07-17T12:43:11.670+0000] {taskinstance.py:430} INFO - ::endgroup::
[2025-07-17T12:43:11.689+0000] {subprocess.py:63} INFO - Tmp dir root location: /tmp
[2025-07-17T12:43:11.690+0000] {subprocess.py:75} INFO - Running command: ['/usr/bin/bash', '-c', 'python /opt/***/scripts/ai_inference.py /opt/***/data/processed_features /opt/***/data/inference_results']
[2025-07-17T12:43:11.701+0000] {subprocess.py:86} INFO - Output:
[2025-07-17T12:43:11.832+0000] {subprocess.py:93} INFO - Simulating AI inference from /opt/***/data/processed_features to /opt/***/data/inference_results
[2025-07-17T12:43:11.833+0000] {subprocess.py:93} INFO -   Inferred image_001.features.txt -> image_001.inference.txt
[2025-07-17T12:43:11.833+0000] {subprocess.py:93} INFO -   Inferred image_002.features.txt -> image_002.inference.txt
[2025-07-17T12:43:11.834+0000] {subprocess.py:93} INFO -   Inferred image_003.features.txt -> image_003.inference.txt
[2025-07-17T12:43:11.834+0000] {subprocess.py:93} INFO - AI inference simulation complete.
[2025-07-17T12:43:11.838+0000] {subprocess.py:97} INFO - Command exited with return code 0
[2025-07-17T12:43:11.839+0000] {taskinstance.py:441} INFO - ::group::Post task execution logs
[2025-07-17T12:43:11.870+0000] {taskinstance.py:1206} INFO - Marking task as SUCCESS. dag_id=medical_image_pipeline_dag, task_id=ai_inference_task, run_id=manual__2025-07-17T12:43:08.511629+00:00, execution_date=20250717T124308, start_date=20250717T124311, end_date=20250717T124311
[2025-07-17T12:43:11.918+0000] {local_task_job_runner.py:240} INFO - Task exited with return code 0
[2025-07-17T12:43:11.942+0000] {taskinstance.py:3503} INFO - 1 downstream tasks scheduled from follow-on schedule check
[2025-07-17T12:43:11.946+0000] {local_task_job_runner.py:222} INFO - ::endgroup::
