[2025-07-17T12:11:12.010+0000] {manager.py:470} INFO - Processing files using up to 2 processes at a time 
[2025-07-17T12:11:12.012+0000] {manager.py:471} INFO - Process each file at most once every 30 seconds
[2025-07-17T12:11:12.014+0000] {manager.py:472} INFO - Checking for new files in /opt/airflow/dags every 300 seconds
[2025-07-17T12:11:12.015+0000] {manager.py:737} INFO - Searching for files in /opt/airflow/dags
[2025-07-17T12:11:12.020+0000] {manager.py:740} INFO - There are 0 files in /opt/airflow/dags
[2025-07-17T12:16:12.081+0000] {manager.py:737} INFO - Searching for files in /opt/airflow/dags
[2025-07-17T12:16:12.091+0000] {manager.py:740} INFO - There are 0 files in /opt/airflow/dags
[2025-07-17T12:21:12.205+0000] {manager.py:737} INFO - Searching for files in /opt/airflow/dags
[2025-07-17T12:21:12.213+0000] {manager.py:740} INFO - There are 0 files in /opt/airflow/dags
[2025-07-17T12:26:12.382+0000] {manager.py:737} INFO - Searching for files in /opt/airflow/dags
[2025-07-17T12:26:12.390+0000] {manager.py:740} INFO - There are 0 files in /opt/airflow/dags
[2025-07-17T12:31:12.408+0000] {manager.py:737} INFO - Searching for files in /opt/airflow/dags
[2025-07-17T12:31:12.427+0000] {manager.py:740} INFO - There are 1 files in /opt/airflow/dags
[2025-07-17T12:31:20.542+0000] {manager.py:878} INFO - 
================================================================================
DAG File Processing Stats

File Path                               PID    Runtime      # DAGs    # Errors  Last Runtime    Last Run
--------------------------------------  -----  ---------  --------  ----------  --------------  -------------------
/opt/airflow/dags/hello_airflow_dag.py                           1           0  0.52s           2025-07-17T12:31:12
================================================================================
[2025-07-17T12:31:50.557+0000] {manager.py:878} INFO - 
================================================================================
DAG File Processing Stats

File Path                               PID    Runtime      # DAGs    # Errors  Last Runtime    Last Run
--------------------------------------  -----  ---------  --------  ----------  --------------  -------------------
/opt/airflow/dags/hello_airflow_dag.py                           1           0  0.18s           2025-07-17T12:31:43
================================================================================
[2025-07-17T12:32:20.837+0000] {manager.py:878} INFO - 
================================================================================
DAG File Processing Stats

File Path                               PID    Runtime      # DAGs    # Errors  Last Runtime    Last Run
--------------------------------------  -----  ---------  --------  ----------  --------------  -------------------
/opt/airflow/dags/hello_airflow_dag.py                           1           0  0.17s           2025-07-17T12:32:13
================================================================================
[2025-07-17T12:32:51.223+0000] {manager.py:878} INFO - 
================================================================================
DAG File Processing Stats

File Path                               PID    Runtime      # DAGs    # Errors  Last Runtime    Last Run
--------------------------------------  -----  ---------  --------  ----------  --------------  -------------------
/opt/airflow/dags/hello_airflow_dag.py                           1           0  0.17s           2025-07-17T12:32:44
================================================================================
[2025-07-17T12:33:21.622+0000] {manager.py:878} INFO - 
================================================================================
DAG File Processing Stats

File Path                               PID    Runtime      # DAGs    # Errors  Last Runtime    Last Run
--------------------------------------  -----  ---------  --------  ----------  --------------  -------------------
/opt/airflow/dags/hello_airflow_dag.py                           1           0  0.15s           2025-07-17T12:33:14
================================================================================
[2025-07-17T12:33:51.994+0000] {manager.py:878} INFO - 
================================================================================
DAG File Processing Stats

File Path                               PID    Runtime      # DAGs    # Errors  Last Runtime    Last Run
--------------------------------------  -----  ---------  --------  ----------  --------------  -------------------
/opt/airflow/dags/hello_airflow_dag.py                           1           0  0.21s           2025-07-17T12:33:45
================================================================================
[2025-07-17T12:34:22.428+0000] {manager.py:878} INFO - 
================================================================================
DAG File Processing Stats

File Path                               PID    Runtime      # DAGs    # Errors  Last Runtime    Last Run
--------------------------------------  -----  ---------  --------  ----------  --------------  -------------------
/opt/airflow/dags/hello_airflow_dag.py                           1           0  0.20s           2025-07-17T12:34:15
================================================================================
[2025-07-17T12:34:52.759+0000] {manager.py:878} INFO - 
================================================================================
DAG File Processing Stats

File Path                               PID    Runtime      # DAGs    # Errors  Last Runtime    Last Run
--------------------------------------  -----  ---------  --------  ----------  --------------  -------------------
/opt/airflow/dags/hello_airflow_dag.py                           1           0  0.21s           2025-07-17T12:34:45
================================================================================
[2025-07-17T12:35:23.251+0000] {manager.py:878} INFO - 
================================================================================
DAG File Processing Stats

File Path                               PID    Runtime      # DAGs    # Errors  Last Runtime    Last Run
--------------------------------------  -----  ---------  --------  ----------  --------------  -------------------
/opt/airflow/dags/hello_airflow_dag.py                           1           0  0.19s           2025-07-17T12:35:16
================================================================================
[2025-07-17T12:35:53.699+0000] {manager.py:878} INFO - 
================================================================================
DAG File Processing Stats

File Path                               PID    Runtime      # DAGs    # Errors  Last Runtime    Last Run
--------------------------------------  -----  ---------  --------  ----------  --------------  -------------------
/opt/airflow/dags/hello_airflow_dag.py                           1           0  0.19s           2025-07-17T12:35:46
================================================================================
[2025-07-17T12:36:12.864+0000] {manager.py:737} INFO - Searching for files in /opt/airflow/dags
[2025-07-17T12:36:12.920+0000] {manager.py:740} INFO - There are 1 files in /opt/airflow/dags
[2025-07-17T12:36:24.090+0000] {manager.py:878} INFO - 
================================================================================
DAG File Processing Stats

File Path                               PID    Runtime      # DAGs    # Errors  Last Runtime    Last Run
--------------------------------------  -----  ---------  --------  ----------  --------------  -------------------
/opt/airflow/dags/hello_airflow_dag.py                           1           0  0.18s           2025-07-17T12:36:17
================================================================================
[2025-07-17T12:36:54.554+0000] {manager.py:878} INFO - 
================================================================================
DAG File Processing Stats

File Path                               PID    Runtime      # DAGs    # Errors  Last Runtime    Last Run
--------------------------------------  -----  ---------  --------  ----------  --------------  -------------------
/opt/airflow/dags/hello_airflow_dag.py                           1           0  0.26s           2025-07-17T12:36:47
================================================================================
[2025-07-17T12:37:24.982+0000] {manager.py:878} INFO - 
================================================================================
DAG File Processing Stats

File Path                               PID    Runtime      # DAGs    # Errors  Last Runtime    Last Run
--------------------------------------  -----  ---------  --------  ----------  --------------  -------------------
/opt/airflow/dags/hello_airflow_dag.py                           1           0  0.17s           2025-07-17T12:37:17
================================================================================
[2025-07-17T12:37:55.399+0000] {manager.py:878} INFO - 
================================================================================
DAG File Processing Stats

File Path                               PID    Runtime      # DAGs    # Errors  Last Runtime    Last Run
--------------------------------------  -----  ---------  --------  ----------  --------------  -------------------
/opt/airflow/dags/hello_airflow_dag.py                           1           0  0.21s           2025-07-17T12:37:48
================================================================================
[2025-07-17T12:38:25.880+0000] {manager.py:878} INFO - 
================================================================================
DAG File Processing Stats

File Path                               PID    Runtime      # DAGs    # Errors  Last Runtime    Last Run
--------------------------------------  -----  ---------  --------  ----------  --------------  -------------------
/opt/airflow/dags/hello_airflow_dag.py                           1           0  0.20s           2025-07-17T12:38:18
================================================================================
[2025-07-17T12:38:56.256+0000] {manager.py:878} INFO - 
================================================================================
DAG File Processing Stats

File Path                               PID    Runtime      # DAGs    # Errors  Last Runtime    Last Run
--------------------------------------  -----  ---------  --------  ----------  --------------  -------------------
/opt/airflow/dags/hello_airflow_dag.py                           1           0  0.19s           2025-07-17T12:38:49
================================================================================
[2025-07-17T12:39:26.667+0000] {manager.py:878} INFO - 
================================================================================
DAG File Processing Stats

File Path                               PID    Runtime      # DAGs    # Errors  Last Runtime    Last Run
--------------------------------------  -----  ---------  --------  ----------  --------------  -------------------
/opt/airflow/dags/hello_airflow_dag.py                           1           0  0.18s           2025-07-17T12:39:19
================================================================================
[2025-07-17T12:39:56.993+0000] {manager.py:878} INFO - 
================================================================================
DAG File Processing Stats

File Path                               PID    Runtime      # DAGs    # Errors  Last Runtime    Last Run
--------------------------------------  -----  ---------  --------  ----------  --------------  -------------------
/opt/airflow/dags/hello_airflow_dag.py                           1           0  0.18s           2025-07-17T12:39:50
================================================================================
[2025-07-17T12:40:12.339+0000] {manager.py:452} INFO - Exiting gracefully upon receiving signal 15
[2025-07-17T12:42:04.401+0000] {manager.py:470} INFO - Processing files using up to 2 processes at a time 
[2025-07-17T12:42:04.402+0000] {manager.py:471} INFO - Process each file at most once every 30 seconds
[2025-07-17T12:42:04.404+0000] {manager.py:472} INFO - Checking for new files in /opt/airflow/dags every 300 seconds
[2025-07-17T12:42:04.405+0000] {manager.py:737} INFO - Searching for files in /opt/airflow/dags
[2025-07-17T12:42:04.451+0000] {manager.py:740} INFO - There are 2 files in /opt/airflow/dags
[2025-07-17T12:42:04.617+0000] {manager.py:878} INFO - 
================================================================================
DAG File Processing Stats

File Path                                          PID  Runtime      # DAGs    # Errors  Last Runtime    Last Run
-----------------------------------------------  -----  ---------  --------  ----------  --------------  ----------
/opt/airflow/dags/hello_airflow_dag.py             163  0.07s             0           0
/opt/airflow/dags/medical_image_pipeline_dag.py    160  0.09s             0           0
================================================================================
[2025-07-17T12:42:35.082+0000] {manager.py:878} INFO - 
================================================================================
DAG File Processing Stats

File Path                                          PID  Runtime      # DAGs    # Errors  Last Runtime    Last Run
-----------------------------------------------  -----  ---------  --------  ----------  --------------  -------------------
/opt/airflow/dags/medical_image_pipeline_dag.py    170  0.03s             1           0  0.24s           2025-07-17T12:42:04
/opt/airflow/dags/hello_airflow_dag.py             173  0.01s             1           0  0.21s           2025-07-17T12:42:04
================================================================================
[2025-07-17T12:43:05.518+0000] {manager.py:878} INFO - 
================================================================================
DAG File Processing Stats

File Path                                        PID    Runtime      # DAGs    # Errors  Last Runtime    Last Run
-----------------------------------------------  -----  ---------  --------  ----------  --------------  -------------------
/opt/airflow/dags/medical_image_pipeline_dag.py                           1           0  0.49s           2025-07-17T12:42:35
/opt/airflow/dags/hello_airflow_dag.py                                    1           0  0.46s           2025-07-17T12:42:35
================================================================================
[2025-07-17T12:43:35.548+0000] {manager.py:878} INFO - 
================================================================================
DAG File Processing Stats

File Path                                        PID    Runtime      # DAGs    # Errors  Last Runtime    Last Run
-----------------------------------------------  -----  ---------  --------  ----------  --------------  -------------------
/opt/airflow/dags/medical_image_pipeline_dag.py                           1           0  0.25s           2025-07-17T12:43:06
/opt/airflow/dags/hello_airflow_dag.py                                    1           0  0.21s           2025-07-17T12:43:06
================================================================================
[2025-07-17T12:44:05.727+0000] {manager.py:878} INFO - 
================================================================================
DAG File Processing Stats

File Path                                        PID    Runtime      # DAGs    # Errors  Last Runtime    Last Run
-----------------------------------------------  -----  ---------  --------  ----------  --------------  -------------------
/opt/airflow/dags/medical_image_pipeline_dag.py                           1           0  0.21s           2025-07-17T12:43:36
/opt/airflow/dags/hello_airflow_dag.py                                    1           0  0.20s           2025-07-17T12:43:36
================================================================================
[2025-07-17T12:44:36.470+0000] {manager.py:878} INFO - 
================================================================================
DAG File Processing Stats

File Path                                        PID    Runtime      # DAGs    # Errors  Last Runtime    Last Run
-----------------------------------------------  -----  ---------  --------  ----------  --------------  -------------------
/opt/airflow/dags/hello_airflow_dag.py                                    1           0  0.27s           2025-07-17T12:44:07
/opt/airflow/dags/medical_image_pipeline_dag.py                           1           0  0.25s           2025-07-17T12:44:06
================================================================================
[2025-07-17T12:45:07.191+0000] {manager.py:878} INFO - 
================================================================================
DAG File Processing Stats

File Path                                        PID    Runtime      # DAGs    # Errors  Last Runtime    Last Run
-----------------------------------------------  -----  ---------  --------  ----------  --------------  -------------------
/opt/airflow/dags/hello_airflow_dag.py                                    1           0  0.29s           2025-07-17T12:44:37
/opt/airflow/dags/medical_image_pipeline_dag.py                           1           0  0.29s           2025-07-17T12:44:37
================================================================================
[2025-07-17T12:45:37.927+0000] {manager.py:878} INFO - 
================================================================================
DAG File Processing Stats

File Path                                        PID    Runtime      # DAGs    # Errors  Last Runtime    Last Run
-----------------------------------------------  -----  ---------  --------  ----------  --------------  -------------------
/opt/airflow/dags/medical_image_pipeline_dag.py                           1           0  0.30s           2025-07-17T12:45:08
/opt/airflow/dags/hello_airflow_dag.py                                    1           0  0.29s           2025-07-17T12:45:08
================================================================================
[2025-07-17T12:46:08.430+0000] {manager.py:878} INFO - 
================================================================================
DAG File Processing Stats

File Path                                        PID    Runtime      # DAGs    # Errors  Last Runtime    Last Run
-----------------------------------------------  -----  ---------  --------  ----------  --------------  -------------------
/opt/airflow/dags/medical_image_pipeline_dag.py                           1           0  0.34s           2025-07-17T12:45:39
/opt/airflow/dags/hello_airflow_dag.py                                    1           0  0.30s           2025-07-17T12:45:39
================================================================================
[2025-07-17T12:46:38.848+0000] {manager.py:878} INFO - 
================================================================================
DAG File Processing Stats

File Path                                        PID    Runtime      # DAGs    # Errors  Last Runtime    Last Run
-----------------------------------------------  -----  ---------  --------  ----------  --------------  -------------------
/opt/airflow/dags/medical_image_pipeline_dag.py                           1           0  0.19s           2025-07-17T12:46:09
/opt/airflow/dags/hello_airflow_dag.py                                    1           0  0.17s           2025-07-17T12:46:09
================================================================================
[2025-07-17T12:47:05.351+0000] {manager.py:737} INFO - Searching for files in /opt/airflow/dags
[2025-07-17T12:47:05.398+0000] {manager.py:740} INFO - There are 2 files in /opt/airflow/dags
[2025-07-17T12:47:09.455+0000] {manager.py:878} INFO - 
================================================================================
DAG File Processing Stats

File Path                                        PID    Runtime      # DAGs    # Errors  Last Runtime    Last Run
-----------------------------------------------  -----  ---------  --------  ----------  --------------  -------------------
/opt/airflow/dags/medical_image_pipeline_dag.py                           1           0  0.18s           2025-07-17T12:46:40
/opt/airflow/dags/hello_airflow_dag.py                                    1           0  0.17s           2025-07-17T12:46:40
================================================================================
[2025-07-17T12:47:39.802+0000] {manager.py:878} INFO - 
================================================================================
DAG File Processing Stats

File Path                                        PID    Runtime      # DAGs    # Errors  Last Runtime    Last Run
-----------------------------------------------  -----  ---------  --------  ----------  --------------  -------------------
/opt/airflow/dags/medical_image_pipeline_dag.py                           1           0  0.19s           2025-07-17T12:47:10
/opt/airflow/dags/hello_airflow_dag.py                                    1           0  0.19s           2025-07-17T12:47:10
================================================================================
[2025-07-17T12:48:10.358+0000] {manager.py:878} INFO - 
================================================================================
DAG File Processing Stats

File Path                                        PID    Runtime      # DAGs    # Errors  Last Runtime    Last Run
-----------------------------------------------  -----  ---------  --------  ----------  --------------  -------------------
/opt/airflow/dags/medical_image_pipeline_dag.py                           1           0  0.19s           2025-07-17T12:47:41
/opt/airflow/dags/hello_airflow_dag.py                                    1           0  0.17s           2025-07-17T12:47:41
================================================================================
[2025-07-17T12:48:40.866+0000] {manager.py:878} INFO - 
================================================================================
DAG File Processing Stats

File Path                                        PID    Runtime      # DAGs    # Errors  Last Runtime    Last Run
-----------------------------------------------  -----  ---------  --------  ----------  --------------  -------------------
/opt/airflow/dags/medical_image_pipeline_dag.py                           1           0  0.18s           2025-07-17T12:48:11
/opt/airflow/dags/hello_airflow_dag.py                                    1           0  0.17s           2025-07-17T12:48:11
================================================================================
[2025-07-17T12:49:11.332+0000] {manager.py:878} INFO - 
================================================================================
DAG File Processing Stats

File Path                                        PID    Runtime      # DAGs    # Errors  Last Runtime    Last Run
-----------------------------------------------  -----  ---------  --------  ----------  --------------  -------------------
/opt/airflow/dags/medical_image_pipeline_dag.py                           1           0  0.21s           2025-07-17T12:48:42
/opt/airflow/dags/hello_airflow_dag.py                                    1           0  0.19s           2025-07-17T12:48:42
================================================================================
[2025-07-17T12:49:41.752+0000] {manager.py:878} INFO - 
================================================================================
DAG File Processing Stats

File Path                                        PID    Runtime      # DAGs    # Errors  Last Runtime    Last Run
-----------------------------------------------  -----  ---------  --------  ----------  --------------  -------------------
/opt/airflow/dags/medical_image_pipeline_dag.py                           1           0  0.17s           2025-07-17T12:49:12
/opt/airflow/dags/hello_airflow_dag.py                                    1           0  0.16s           2025-07-17T12:49:12
================================================================================
[2025-07-17T12:50:12.144+0000] {manager.py:878} INFO - 
================================================================================
DAG File Processing Stats

File Path                                        PID    Runtime      # DAGs    # Errors  Last Runtime    Last Run
-----------------------------------------------  -----  ---------  --------  ----------  --------------  -------------------
/opt/airflow/dags/medical_image_pipeline_dag.py                           1           0  0.18s           2025-07-17T12:49:42
/opt/airflow/dags/hello_airflow_dag.py                                    1           0  0.16s           2025-07-17T12:49:42
================================================================================
[2025-07-17T12:50:42.742+0000] {manager.py:878} INFO - 
================================================================================
DAG File Processing Stats

File Path                                        PID    Runtime      # DAGs    # Errors  Last Runtime    Last Run
-----------------------------------------------  -----  ---------  --------  ----------  --------------  -------------------
/opt/airflow/dags/hello_airflow_dag.py                                    1           0  0.33s           2025-07-17T12:50:13
/opt/airflow/dags/medical_image_pipeline_dag.py                           1           0  0.30s           2025-07-17T12:50:13
================================================================================
[2025-07-17T12:51:12.754+0000] {manager.py:878} INFO - 
================================================================================
DAG File Processing Stats

File Path                                        PID    Runtime      # DAGs    # Errors  Last Runtime    Last Run
-----------------------------------------------  -----  ---------  --------  ----------  --------------  -------------------
/opt/airflow/dags/hello_airflow_dag.py                                    1           0  0.91s           2025-07-17T12:50:44
/opt/airflow/dags/medical_image_pipeline_dag.py                           1           0  0.65s           2025-07-17T12:50:44
================================================================================
[2025-07-17T12:51:43.352+0000] {manager.py:878} INFO - 
================================================================================
DAG File Processing Stats

File Path                                        PID    Runtime      # DAGs    # Errors  Last Runtime    Last Run
-----------------------------------------------  -----  ---------  --------  ----------  --------------  -------------------
/opt/airflow/dags/medical_image_pipeline_dag.py                           1           0  0.25s           2025-07-17T12:51:15
/opt/airflow/dags/hello_airflow_dag.py                                    1           0  0.22s           2025-07-17T12:51:15
================================================================================
[2025-07-17T12:52:05.716+0000] {manager.py:737} INFO - Searching for files in /opt/airflow/dags
[2025-07-17T12:52:05.758+0000] {manager.py:740} INFO - There are 2 files in /opt/airflow/dags
[2025-07-17T12:52:13.862+0000] {manager.py:878} INFO - 
================================================================================
DAG File Processing Stats

File Path                                        PID    Runtime      # DAGs    # Errors  Last Runtime    Last Run
-----------------------------------------------  -----  ---------  --------  ----------  --------------  -------------------
/opt/airflow/dags/medical_image_pipeline_dag.py                           1           0  0.28s           2025-07-17T12:51:45
/opt/airflow/dags/hello_airflow_dag.py                                    1           0  0.26s           2025-07-17T12:51:45
================================================================================
[2025-07-17T12:52:44.344+0000] {manager.py:878} INFO - 
================================================================================
DAG File Processing Stats

File Path                                        PID    Runtime      # DAGs    # Errors  Last Runtime    Last Run
-----------------------------------------------  -----  ---------  --------  ----------  --------------  -------------------
/opt/airflow/dags/medical_image_pipeline_dag.py                           1           0  0.22s           2025-07-17T12:52:16
/opt/airflow/dags/hello_airflow_dag.py                                    1           0  0.21s           2025-07-17T12:52:16
================================================================================
[2025-07-17T12:53:14.736+0000] {manager.py:878} INFO - 
================================================================================
DAG File Processing Stats

File Path                                        PID    Runtime      # DAGs    # Errors  Last Runtime    Last Run
-----------------------------------------------  -----  ---------  --------  ----------  --------------  -------------------
/opt/airflow/dags/medical_image_pipeline_dag.py                           1           0  0.25s           2025-07-17T12:52:46
/opt/airflow/dags/hello_airflow_dag.py                                    1           0  0.22s           2025-07-17T12:52:46
================================================================================
[2025-07-17T12:53:45.158+0000] {manager.py:878} INFO - 
================================================================================
DAG File Processing Stats

File Path                                        PID    Runtime      # DAGs    # Errors  Last Runtime    Last Run
-----------------------------------------------  -----  ---------  --------  ----------  --------------  -------------------
/opt/airflow/dags/medical_image_pipeline_dag.py                           1           0  0.19s           2025-07-17T12:53:16
/opt/airflow/dags/hello_airflow_dag.py                                    1           0  0.19s           2025-07-17T12:53:16
================================================================================
[2025-07-17T12:54:15.483+0000] {manager.py:878} INFO - 
================================================================================
DAG File Processing Stats

File Path                                        PID    Runtime      # DAGs    # Errors  Last Runtime    Last Run
-----------------------------------------------  -----  ---------  --------  ----------  --------------  -------------------
/opt/airflow/dags/medical_image_pipeline_dag.py                           1           0  0.20s           2025-07-17T12:53:47
/opt/airflow/dags/hello_airflow_dag.py                                    1           0  0.18s           2025-07-17T12:53:47
================================================================================
[2025-07-17T12:54:46.025+0000] {manager.py:878} INFO - 
================================================================================
DAG File Processing Stats

File Path                                        PID    Runtime      # DAGs    # Errors  Last Runtime    Last Run
-----------------------------------------------  -----  ---------  --------  ----------  --------------  -------------------
/opt/airflow/dags/medical_image_pipeline_dag.py                           1           0  0.25s           2025-07-17T12:54:17
/opt/airflow/dags/hello_airflow_dag.py                                    1           0  0.25s           2025-07-17T12:54:17
================================================================================
