[2025-07-17T12:42:04.570+0000] {processor.py:161} INFO - Started process (PID=160) to work on /opt/airflow/dags/medical_image_pipeline_dag.py
[2025-07-17T12:42:04.571+0000] {processor.py:830} INFO - Processing file /opt/airflow/dags/medical_image_pipeline_dag.py for tasks to queue
[2025-07-17T12:42:04.575+0000] {logging_mixin.py:188} INFO - [2025-07-17T12:42:04.574+0000] {dagbag.py:545} INFO - Filling up the DagBag from /opt/airflow/dags/medical_image_pipeline_dag.py
[2025-07-17T12:42:04.623+0000] {processor.py:840} INFO - DAG(s) 'medical_image_pipeline_dag' retrieved from /opt/airflow/dags/medical_image_pipeline_dag.py
[2025-07-17T12:42:04.675+0000] {logging_mixin.py:188} INFO - [2025-07-17T12:42:04.675+0000] {dag.py:3096} INFO - Sync 1 DAGs
[2025-07-17T12:42:04.707+0000] {logging_mixin.py:188} INFO - [2025-07-17T12:42:04.707+0000] {dag.py:3954} INFO - Setting next_dagrun for medical_image_pipeline_dag to None, run_after=None
[2025-07-17T12:42:04.747+0000] {processor.py:183} INFO - Processing /opt/airflow/dags/medical_image_pipeline_dag.py took 0.188 seconds
[2025-07-17T12:42:35.104+0000] {processor.py:161} INFO - Started process (PID=170) to work on /opt/airflow/dags/medical_image_pipeline_dag.py
[2025-07-17T12:42:35.106+0000] {processor.py:830} INFO - Processing file /opt/airflow/dags/medical_image_pipeline_dag.py for tasks to queue
[2025-07-17T12:42:35.110+0000] {logging_mixin.py:188} INFO - [2025-07-17T12:42:35.109+0000] {dagbag.py:545} INFO - Filling up the DagBag from /opt/airflow/dags/medical_image_pipeline_dag.py
[2025-07-17T12:42:35.143+0000] {processor.py:840} INFO - DAG(s) 'medical_image_pipeline_dag' retrieved from /opt/airflow/dags/medical_image_pipeline_dag.py
[2025-07-17T12:42:35.475+0000] {logging_mixin.py:188} INFO - [2025-07-17T12:42:35.475+0000] {dag.py:3096} INFO - Sync 1 DAGs
[2025-07-17T12:42:35.489+0000] {logging_mixin.py:188} INFO - [2025-07-17T12:42:35.489+0000] {dag.py:3954} INFO - Setting next_dagrun for medical_image_pipeline_dag to None, run_after=None
[2025-07-17T12:42:35.517+0000] {processor.py:183} INFO - Processing /opt/airflow/dags/medical_image_pipeline_dag.py took 0.426 seconds
[2025-07-17T12:43:06.033+0000] {processor.py:161} INFO - Started process (PID=180) to work on /opt/airflow/dags/medical_image_pipeline_dag.py
[2025-07-17T12:43:06.035+0000] {processor.py:830} INFO - Processing file /opt/airflow/dags/medical_image_pipeline_dag.py for tasks to queue
[2025-07-17T12:43:06.042+0000] {logging_mixin.py:188} INFO - [2025-07-17T12:43:06.041+0000] {dagbag.py:545} INFO - Filling up the DagBag from /opt/airflow/dags/medical_image_pipeline_dag.py
[2025-07-17T12:43:06.096+0000] {processor.py:840} INFO - DAG(s) 'medical_image_pipeline_dag' retrieved from /opt/airflow/dags/medical_image_pipeline_dag.py
[2025-07-17T12:43:06.146+0000] {logging_mixin.py:188} INFO - [2025-07-17T12:43:06.146+0000] {dag.py:3096} INFO - Sync 1 DAGs
[2025-07-17T12:43:06.167+0000] {logging_mixin.py:188} INFO - [2025-07-17T12:43:06.166+0000] {dag.py:3954} INFO - Setting next_dagrun for medical_image_pipeline_dag to None, run_after=None
[2025-07-17T12:43:06.194+0000] {processor.py:183} INFO - Processing /opt/airflow/dags/medical_image_pipeline_dag.py took 0.174 seconds
[2025-07-17T12:43:36.351+0000] {processor.py:161} INFO - Started process (PID=202) to work on /opt/airflow/dags/medical_image_pipeline_dag.py
[2025-07-17T12:43:36.353+0000] {processor.py:830} INFO - Processing file /opt/airflow/dags/medical_image_pipeline_dag.py for tasks to queue
[2025-07-17T12:43:36.357+0000] {logging_mixin.py:188} INFO - [2025-07-17T12:43:36.357+0000] {dagbag.py:545} INFO - Filling up the DagBag from /opt/airflow/dags/medical_image_pipeline_dag.py
[2025-07-17T12:43:36.398+0000] {processor.py:840} INFO - DAG(s) 'medical_image_pipeline_dag' retrieved from /opt/airflow/dags/medical_image_pipeline_dag.py
[2025-07-17T12:43:36.448+0000] {logging_mixin.py:188} INFO - [2025-07-17T12:43:36.447+0000] {dag.py:3096} INFO - Sync 1 DAGs
[2025-07-17T12:43:36.470+0000] {logging_mixin.py:188} INFO - [2025-07-17T12:43:36.469+0000] {dag.py:3954} INFO - Setting next_dagrun for medical_image_pipeline_dag to None, run_after=None
[2025-07-17T12:43:36.503+0000] {processor.py:183} INFO - Processing /opt/airflow/dags/medical_image_pipeline_dag.py took 0.162 seconds
[2025-07-17T12:44:06.777+0000] {processor.py:161} INFO - Started process (PID=212) to work on /opt/airflow/dags/medical_image_pipeline_dag.py
[2025-07-17T12:44:06.779+0000] {processor.py:830} INFO - Processing file /opt/airflow/dags/medical_image_pipeline_dag.py for tasks to queue
[2025-07-17T12:44:06.783+0000] {logging_mixin.py:188} INFO - [2025-07-17T12:44:06.782+0000] {dagbag.py:545} INFO - Filling up the DagBag from /opt/airflow/dags/medical_image_pipeline_dag.py
[2025-07-17T12:44:06.812+0000] {processor.py:840} INFO - DAG(s) 'medical_image_pipeline_dag' retrieved from /opt/airflow/dags/medical_image_pipeline_dag.py
[2025-07-17T12:44:06.869+0000] {logging_mixin.py:188} INFO - [2025-07-17T12:44:06.869+0000] {dag.py:3096} INFO - Sync 1 DAGs
[2025-07-17T12:44:06.916+0000] {logging_mixin.py:188} INFO - [2025-07-17T12:44:06.916+0000] {dag.py:3954} INFO - Setting next_dagrun for medical_image_pipeline_dag to None, run_after=None
[2025-07-17T12:44:06.975+0000] {processor.py:183} INFO - Processing /opt/airflow/dags/medical_image_pipeline_dag.py took 0.207 seconds
[2025-07-17T12:44:37.551+0000] {processor.py:161} INFO - Started process (PID=222) to work on /opt/airflow/dags/medical_image_pipeline_dag.py
[2025-07-17T12:44:37.553+0000] {processor.py:830} INFO - Processing file /opt/airflow/dags/medical_image_pipeline_dag.py for tasks to queue
[2025-07-17T12:44:37.557+0000] {logging_mixin.py:188} INFO - [2025-07-17T12:44:37.556+0000] {dagbag.py:545} INFO - Filling up the DagBag from /opt/airflow/dags/medical_image_pipeline_dag.py
[2025-07-17T12:44:37.591+0000] {processor.py:840} INFO - DAG(s) 'medical_image_pipeline_dag' retrieved from /opt/airflow/dags/medical_image_pipeline_dag.py
[2025-07-17T12:44:37.669+0000] {logging_mixin.py:188} INFO - [2025-07-17T12:44:37.668+0000] {dag.py:3096} INFO - Sync 1 DAGs
[2025-07-17T12:44:37.705+0000] {logging_mixin.py:188} INFO - [2025-07-17T12:44:37.705+0000] {dag.py:3954} INFO - Setting next_dagrun for medical_image_pipeline_dag to None, run_after=None
[2025-07-17T12:44:37.784+0000] {processor.py:183} INFO - Processing /opt/airflow/dags/medical_image_pipeline_dag.py took 0.243 seconds
[2025-07-17T12:45:08.291+0000] {processor.py:161} INFO - Started process (PID=232) to work on /opt/airflow/dags/medical_image_pipeline_dag.py
[2025-07-17T12:45:08.293+0000] {processor.py:830} INFO - Processing file /opt/airflow/dags/medical_image_pipeline_dag.py for tasks to queue
[2025-07-17T12:45:08.297+0000] {logging_mixin.py:188} INFO - [2025-07-17T12:45:08.297+0000] {dagbag.py:545} INFO - Filling up the DagBag from /opt/airflow/dags/medical_image_pipeline_dag.py
[2025-07-17T12:45:08.348+0000] {processor.py:840} INFO - DAG(s) 'medical_image_pipeline_dag' retrieved from /opt/airflow/dags/medical_image_pipeline_dag.py
[2025-07-17T12:45:08.443+0000] {logging_mixin.py:188} INFO - [2025-07-17T12:45:08.443+0000] {dag.py:3096} INFO - Sync 1 DAGs
[2025-07-17T12:45:08.483+0000] {logging_mixin.py:188} INFO - [2025-07-17T12:45:08.483+0000] {dag.py:3954} INFO - Setting next_dagrun for medical_image_pipeline_dag to None, run_after=None
[2025-07-17T12:45:08.526+0000] {processor.py:183} INFO - Processing /opt/airflow/dags/medical_image_pipeline_dag.py took 0.247 seconds
[2025-07-17T12:45:39.027+0000] {processor.py:161} INFO - Started process (PID=242) to work on /opt/airflow/dags/medical_image_pipeline_dag.py
[2025-07-17T12:45:39.028+0000] {processor.py:830} INFO - Processing file /opt/airflow/dags/medical_image_pipeline_dag.py for tasks to queue
[2025-07-17T12:45:39.044+0000] {logging_mixin.py:188} INFO - [2025-07-17T12:45:39.044+0000] {dagbag.py:545} INFO - Filling up the DagBag from /opt/airflow/dags/medical_image_pipeline_dag.py
[2025-07-17T12:45:39.127+0000] {processor.py:840} INFO - DAG(s) 'medical_image_pipeline_dag' retrieved from /opt/airflow/dags/medical_image_pipeline_dag.py
[2025-07-17T12:45:39.229+0000] {logging_mixin.py:188} INFO - [2025-07-17T12:45:39.229+0000] {dag.py:3096} INFO - Sync 1 DAGs
[2025-07-17T12:45:39.255+0000] {logging_mixin.py:188} INFO - [2025-07-17T12:45:39.254+0000] {dag.py:3954} INFO - Setting next_dagrun for medical_image_pipeline_dag to None, run_after=None
[2025-07-17T12:45:39.286+0000] {processor.py:183} INFO - Processing /opt/airflow/dags/medical_image_pipeline_dag.py took 0.268 seconds
[2025-07-17T12:46:09.523+0000] {processor.py:161} INFO - Started process (PID=252) to work on /opt/airflow/dags/medical_image_pipeline_dag.py
[2025-07-17T12:46:09.525+0000] {processor.py:830} INFO - Processing file /opt/airflow/dags/medical_image_pipeline_dag.py for tasks to queue
[2025-07-17T12:46:09.530+0000] {logging_mixin.py:188} INFO - [2025-07-17T12:46:09.530+0000] {dagbag.py:545} INFO - Filling up the DagBag from /opt/airflow/dags/medical_image_pipeline_dag.py
[2025-07-17T12:46:09.560+0000] {processor.py:840} INFO - DAG(s) 'medical_image_pipeline_dag' retrieved from /opt/airflow/dags/medical_image_pipeline_dag.py
[2025-07-17T12:46:09.602+0000] {logging_mixin.py:188} INFO - [2025-07-17T12:46:09.602+0000] {dag.py:3096} INFO - Sync 1 DAGs
[2025-07-17T12:46:09.621+0000] {logging_mixin.py:188} INFO - [2025-07-17T12:46:09.620+0000] {dag.py:3954} INFO - Setting next_dagrun for medical_image_pipeline_dag to None, run_after=None
[2025-07-17T12:46:09.649+0000] {processor.py:183} INFO - Processing /opt/airflow/dags/medical_image_pipeline_dag.py took 0.138 seconds
[2025-07-17T12:46:39.921+0000] {processor.py:161} INFO - Started process (PID=262) to work on /opt/airflow/dags/medical_image_pipeline_dag.py
[2025-07-17T12:46:39.922+0000] {processor.py:830} INFO - Processing file /opt/airflow/dags/medical_image_pipeline_dag.py for tasks to queue
[2025-07-17T12:46:39.925+0000] {logging_mixin.py:188} INFO - [2025-07-17T12:46:39.925+0000] {dagbag.py:545} INFO - Filling up the DagBag from /opt/airflow/dags/medical_image_pipeline_dag.py
[2025-07-17T12:46:39.953+0000] {processor.py:840} INFO - DAG(s) 'medical_image_pipeline_dag' retrieved from /opt/airflow/dags/medical_image_pipeline_dag.py
[2025-07-17T12:46:39.995+0000] {logging_mixin.py:188} INFO - [2025-07-17T12:46:39.994+0000] {dag.py:3096} INFO - Sync 1 DAGs
[2025-07-17T12:46:40.012+0000] {logging_mixin.py:188} INFO - [2025-07-17T12:46:40.012+0000] {dag.py:3954} INFO - Setting next_dagrun for medical_image_pipeline_dag to None, run_after=None
[2025-07-17T12:46:40.040+0000] {processor.py:183} INFO - Processing /opt/airflow/dags/medical_image_pipeline_dag.py took 0.131 seconds
[2025-07-17T12:47:10.521+0000] {processor.py:161} INFO - Started process (PID=272) to work on /opt/airflow/dags/medical_image_pipeline_dag.py
[2025-07-17T12:47:10.522+0000] {processor.py:830} INFO - Processing file /opt/airflow/dags/medical_image_pipeline_dag.py for tasks to queue
[2025-07-17T12:47:10.526+0000] {logging_mixin.py:188} INFO - [2025-07-17T12:47:10.525+0000] {dagbag.py:545} INFO - Filling up the DagBag from /opt/airflow/dags/medical_image_pipeline_dag.py
[2025-07-17T12:47:10.558+0000] {processor.py:840} INFO - DAG(s) 'medical_image_pipeline_dag' retrieved from /opt/airflow/dags/medical_image_pipeline_dag.py
[2025-07-17T12:47:10.605+0000] {logging_mixin.py:188} INFO - [2025-07-17T12:47:10.605+0000] {dag.py:3096} INFO - Sync 1 DAGs
[2025-07-17T12:47:10.624+0000] {logging_mixin.py:188} INFO - [2025-07-17T12:47:10.623+0000] {dag.py:3954} INFO - Setting next_dagrun for medical_image_pipeline_dag to None, run_after=None
[2025-07-17T12:47:10.654+0000] {processor.py:183} INFO - Processing /opt/airflow/dags/medical_image_pipeline_dag.py took 0.143 seconds
[2025-07-17T12:47:40.888+0000] {processor.py:161} INFO - Started process (PID=282) to work on /opt/airflow/dags/medical_image_pipeline_dag.py
[2025-07-17T12:47:40.889+0000] {processor.py:830} INFO - Processing file /opt/airflow/dags/medical_image_pipeline_dag.py for tasks to queue
[2025-07-17T12:47:40.894+0000] {logging_mixin.py:188} INFO - [2025-07-17T12:47:40.893+0000] {dagbag.py:545} INFO - Filling up the DagBag from /opt/airflow/dags/medical_image_pipeline_dag.py
[2025-07-17T12:47:40.924+0000] {processor.py:840} INFO - DAG(s) 'medical_image_pipeline_dag' retrieved from /opt/airflow/dags/medical_image_pipeline_dag.py
[2025-07-17T12:47:40.967+0000] {logging_mixin.py:188} INFO - [2025-07-17T12:47:40.966+0000] {dag.py:3096} INFO - Sync 1 DAGs
[2025-07-17T12:47:40.985+0000] {logging_mixin.py:188} INFO - [2025-07-17T12:47:40.985+0000] {dag.py:3954} INFO - Setting next_dagrun for medical_image_pipeline_dag to None, run_after=None
[2025-07-17T12:47:41.016+0000] {processor.py:183} INFO - Processing /opt/airflow/dags/medical_image_pipeline_dag.py took 0.137 seconds
[2025-07-17T12:48:11.428+0000] {processor.py:161} INFO - Started process (PID=292) to work on /opt/airflow/dags/medical_image_pipeline_dag.py
[2025-07-17T12:48:11.430+0000] {processor.py:830} INFO - Processing file /opt/airflow/dags/medical_image_pipeline_dag.py for tasks to queue
[2025-07-17T12:48:11.434+0000] {logging_mixin.py:188} INFO - [2025-07-17T12:48:11.433+0000] {dagbag.py:545} INFO - Filling up the DagBag from /opt/airflow/dags/medical_image_pipeline_dag.py
[2025-07-17T12:48:11.466+0000] {processor.py:840} INFO - DAG(s) 'medical_image_pipeline_dag' retrieved from /opt/airflow/dags/medical_image_pipeline_dag.py
[2025-07-17T12:48:11.509+0000] {logging_mixin.py:188} INFO - [2025-07-17T12:48:11.508+0000] {dag.py:3096} INFO - Sync 1 DAGs
[2025-07-17T12:48:11.528+0000] {logging_mixin.py:188} INFO - [2025-07-17T12:48:11.527+0000] {dag.py:3954} INFO - Setting next_dagrun for medical_image_pipeline_dag to None, run_after=None
[2025-07-17T12:48:11.557+0000] {processor.py:183} INFO - Processing /opt/airflow/dags/medical_image_pipeline_dag.py took 0.140 seconds
[2025-07-17T12:48:41.949+0000] {processor.py:161} INFO - Started process (PID=302) to work on /opt/airflow/dags/medical_image_pipeline_dag.py
[2025-07-17T12:48:41.953+0000] {processor.py:830} INFO - Processing file /opt/airflow/dags/medical_image_pipeline_dag.py for tasks to queue
[2025-07-17T12:48:41.957+0000] {logging_mixin.py:188} INFO - [2025-07-17T12:48:41.957+0000] {dagbag.py:545} INFO - Filling up the DagBag from /opt/airflow/dags/medical_image_pipeline_dag.py
[2025-07-17T12:48:41.993+0000] {processor.py:840} INFO - DAG(s) 'medical_image_pipeline_dag' retrieved from /opt/airflow/dags/medical_image_pipeline_dag.py
[2025-07-17T12:48:42.038+0000] {logging_mixin.py:188} INFO - [2025-07-17T12:48:42.038+0000] {dag.py:3096} INFO - Sync 1 DAGs
[2025-07-17T12:48:42.058+0000] {logging_mixin.py:188} INFO - [2025-07-17T12:48:42.058+0000] {dag.py:3954} INFO - Setting next_dagrun for medical_image_pipeline_dag to None, run_after=None
[2025-07-17T12:48:42.092+0000] {processor.py:183} INFO - Processing /opt/airflow/dags/medical_image_pipeline_dag.py took 0.152 seconds
[2025-07-17T12:49:12.394+0000] {processor.py:161} INFO - Started process (PID=312) to work on /opt/airflow/dags/medical_image_pipeline_dag.py
[2025-07-17T12:49:12.396+0000] {processor.py:830} INFO - Processing file /opt/airflow/dags/medical_image_pipeline_dag.py for tasks to queue
[2025-07-17T12:49:12.398+0000] {logging_mixin.py:188} INFO - [2025-07-17T12:49:12.398+0000] {dagbag.py:545} INFO - Filling up the DagBag from /opt/airflow/dags/medical_image_pipeline_dag.py
[2025-07-17T12:49:12.425+0000] {processor.py:840} INFO - DAG(s) 'medical_image_pipeline_dag' retrieved from /opt/airflow/dags/medical_image_pipeline_dag.py
[2025-07-17T12:49:12.468+0000] {logging_mixin.py:188} INFO - [2025-07-17T12:49:12.468+0000] {dag.py:3096} INFO - Sync 1 DAGs
[2025-07-17T12:49:12.486+0000] {logging_mixin.py:188} INFO - [2025-07-17T12:49:12.485+0000] {dag.py:3954} INFO - Setting next_dagrun for medical_image_pipeline_dag to None, run_after=None
[2025-07-17T12:49:12.514+0000] {processor.py:183} INFO - Processing /opt/airflow/dags/medical_image_pipeline_dag.py took 0.130 seconds
[2025-07-17T12:49:42.828+0000] {processor.py:161} INFO - Started process (PID=322) to work on /opt/airflow/dags/medical_image_pipeline_dag.py
[2025-07-17T12:49:42.829+0000] {processor.py:830} INFO - Processing file /opt/airflow/dags/medical_image_pipeline_dag.py for tasks to queue
[2025-07-17T12:49:42.832+0000] {logging_mixin.py:188} INFO - [2025-07-17T12:49:42.831+0000] {dagbag.py:545} INFO - Filling up the DagBag from /opt/airflow/dags/medical_image_pipeline_dag.py
[2025-07-17T12:49:42.859+0000] {processor.py:840} INFO - DAG(s) 'medical_image_pipeline_dag' retrieved from /opt/airflow/dags/medical_image_pipeline_dag.py
[2025-07-17T12:49:42.901+0000] {logging_mixin.py:188} INFO - [2025-07-17T12:49:42.901+0000] {dag.py:3096} INFO - Sync 1 DAGs
[2025-07-17T12:49:42.919+0000] {logging_mixin.py:188} INFO - [2025-07-17T12:49:42.918+0000] {dag.py:3954} INFO - Setting next_dagrun for medical_image_pipeline_dag to None, run_after=None
[2025-07-17T12:49:42.948+0000] {processor.py:183} INFO - Processing /opt/airflow/dags/medical_image_pipeline_dag.py took 0.130 seconds
[2025-07-17T12:50:13.218+0000] {processor.py:161} INFO - Started process (PID=332) to work on /opt/airflow/dags/medical_image_pipeline_dag.py
[2025-07-17T12:50:13.219+0000] {processor.py:830} INFO - Processing file /opt/airflow/dags/medical_image_pipeline_dag.py for tasks to queue
[2025-07-17T12:50:13.222+0000] {logging_mixin.py:188} INFO - [2025-07-17T12:50:13.222+0000] {dagbag.py:545} INFO - Filling up the DagBag from /opt/airflow/dags/medical_image_pipeline_dag.py
[2025-07-17T12:50:13.257+0000] {processor.py:840} INFO - DAG(s) 'medical_image_pipeline_dag' retrieved from /opt/airflow/dags/medical_image_pipeline_dag.py
[2025-07-17T12:50:13.308+0000] {logging_mixin.py:188} INFO - [2025-07-17T12:50:13.308+0000] {dag.py:3096} INFO - Sync 1 DAGs
[2025-07-17T12:50:13.329+0000] {logging_mixin.py:188} INFO - [2025-07-17T12:50:13.329+0000] {dag.py:3954} INFO - Setting next_dagrun for medical_image_pipeline_dag to None, run_after=None
[2025-07-17T12:50:13.449+0000] {processor.py:183} INFO - Processing /opt/airflow/dags/medical_image_pipeline_dag.py took 0.245 seconds
[2025-07-17T12:50:43.816+0000] {processor.py:161} INFO - Started process (PID=342) to work on /opt/airflow/dags/medical_image_pipeline_dag.py
[2025-07-17T12:50:43.818+0000] {processor.py:830} INFO - Processing file /opt/airflow/dags/medical_image_pipeline_dag.py for tasks to queue
[2025-07-17T12:50:43.821+0000] {logging_mixin.py:188} INFO - [2025-07-17T12:50:43.821+0000] {dagbag.py:545} INFO - Filling up the DagBag from /opt/airflow/dags/medical_image_pipeline_dag.py
[2025-07-17T12:50:43.844+0000] {processor.py:840} INFO - DAG(s) 'medical_image_pipeline_dag' retrieved from /opt/airflow/dags/medical_image_pipeline_dag.py
[2025-07-17T12:50:43.885+0000] {logging_mixin.py:188} INFO - [2025-07-17T12:50:43.884+0000] {dag.py:3096} INFO - Sync 1 DAGs
[2025-07-17T12:50:44.062+0000] {logging_mixin.py:188} INFO - [2025-07-17T12:50:44.061+0000] {dag.py:3954} INFO - Setting next_dagrun for medical_image_pipeline_dag to None, run_after=None
[2025-07-17T12:50:44.413+0000] {processor.py:183} INFO - Processing /opt/airflow/dags/medical_image_pipeline_dag.py took 0.608 seconds
[2025-07-17T12:51:14.838+0000] {processor.py:161} INFO - Started process (PID=352) to work on /opt/airflow/dags/medical_image_pipeline_dag.py
[2025-07-17T12:51:14.839+0000] {processor.py:830} INFO - Processing file /opt/airflow/dags/medical_image_pipeline_dag.py for tasks to queue
[2025-07-17T12:51:14.842+0000] {logging_mixin.py:188} INFO - [2025-07-17T12:51:14.842+0000] {dagbag.py:545} INFO - Filling up the DagBag from /opt/airflow/dags/medical_image_pipeline_dag.py
[2025-07-17T12:51:14.879+0000] {processor.py:840} INFO - DAG(s) 'medical_image_pipeline_dag' retrieved from /opt/airflow/dags/medical_image_pipeline_dag.py
[2025-07-17T12:51:14.938+0000] {logging_mixin.py:188} INFO - [2025-07-17T12:51:14.938+0000] {dag.py:3096} INFO - Sync 1 DAGs
[2025-07-17T12:51:14.964+0000] {logging_mixin.py:188} INFO - [2025-07-17T12:51:14.963+0000] {dag.py:3954} INFO - Setting next_dagrun for medical_image_pipeline_dag to None, run_after=None
[2025-07-17T12:51:15.010+0000] {processor.py:183} INFO - Processing /opt/airflow/dags/medical_image_pipeline_dag.py took 0.185 seconds
[2025-07-17T12:51:45.471+0000] {processor.py:161} INFO - Started process (PID=362) to work on /opt/airflow/dags/medical_image_pipeline_dag.py
[2025-07-17T12:51:45.473+0000] {processor.py:830} INFO - Processing file /opt/airflow/dags/medical_image_pipeline_dag.py for tasks to queue
[2025-07-17T12:51:45.477+0000] {logging_mixin.py:188} INFO - [2025-07-17T12:51:45.475+0000] {dagbag.py:545} INFO - Filling up the DagBag from /opt/airflow/dags/medical_image_pipeline_dag.py
[2025-07-17T12:51:45.517+0000] {processor.py:840} INFO - DAG(s) 'medical_image_pipeline_dag' retrieved from /opt/airflow/dags/medical_image_pipeline_dag.py
[2025-07-17T12:51:45.606+0000] {logging_mixin.py:188} INFO - [2025-07-17T12:51:45.606+0000] {dag.py:3096} INFO - Sync 1 DAGs
[2025-07-17T12:51:45.629+0000] {logging_mixin.py:188} INFO - [2025-07-17T12:51:45.629+0000] {dag.py:3954} INFO - Setting next_dagrun for medical_image_pipeline_dag to None, run_after=None
[2025-07-17T12:51:45.665+0000] {processor.py:183} INFO - Processing /opt/airflow/dags/medical_image_pipeline_dag.py took 0.204 seconds
[2025-07-17T12:52:15.933+0000] {processor.py:161} INFO - Started process (PID=372) to work on /opt/airflow/dags/medical_image_pipeline_dag.py
[2025-07-17T12:52:15.934+0000] {processor.py:830} INFO - Processing file /opt/airflow/dags/medical_image_pipeline_dag.py for tasks to queue
[2025-07-17T12:52:15.937+0000] {logging_mixin.py:188} INFO - [2025-07-17T12:52:15.937+0000] {dagbag.py:545} INFO - Filling up the DagBag from /opt/airflow/dags/medical_image_pipeline_dag.py
[2025-07-17T12:52:15.970+0000] {processor.py:840} INFO - DAG(s) 'medical_image_pipeline_dag' retrieved from /opt/airflow/dags/medical_image_pipeline_dag.py
[2025-07-17T12:52:16.036+0000] {logging_mixin.py:188} INFO - [2025-07-17T12:52:16.036+0000] {dag.py:3096} INFO - Sync 1 DAGs
[2025-07-17T12:52:16.056+0000] {logging_mixin.py:188} INFO - [2025-07-17T12:52:16.056+0000] {dag.py:3954} INFO - Setting next_dagrun for medical_image_pipeline_dag to None, run_after=None
[2025-07-17T12:52:16.097+0000] {processor.py:183} INFO - Processing /opt/airflow/dags/medical_image_pipeline_dag.py took 0.174 seconds
[2025-07-17T12:52:46.441+0000] {processor.py:161} INFO - Started process (PID=382) to work on /opt/airflow/dags/medical_image_pipeline_dag.py
[2025-07-17T12:52:46.442+0000] {processor.py:830} INFO - Processing file /opt/airflow/dags/medical_image_pipeline_dag.py for tasks to queue
[2025-07-17T12:52:46.446+0000] {logging_mixin.py:188} INFO - [2025-07-17T12:52:46.445+0000] {dagbag.py:545} INFO - Filling up the DagBag from /opt/airflow/dags/medical_image_pipeline_dag.py
[2025-07-17T12:52:46.484+0000] {processor.py:840} INFO - DAG(s) 'medical_image_pipeline_dag' retrieved from /opt/airflow/dags/medical_image_pipeline_dag.py
[2025-07-17T12:52:46.533+0000] {logging_mixin.py:188} INFO - [2025-07-17T12:52:46.532+0000] {dag.py:3096} INFO - Sync 1 DAGs
[2025-07-17T12:52:46.553+0000] {logging_mixin.py:188} INFO - [2025-07-17T12:52:46.553+0000] {dag.py:3954} INFO - Setting next_dagrun for medical_image_pipeline_dag to None, run_after=None
[2025-07-17T12:52:46.623+0000] {processor.py:183} INFO - Processing /opt/airflow/dags/medical_image_pipeline_dag.py took 0.191 seconds
[2025-07-17T12:53:16.804+0000] {processor.py:161} INFO - Started process (PID=392) to work on /opt/airflow/dags/medical_image_pipeline_dag.py
[2025-07-17T12:53:16.806+0000] {processor.py:830} INFO - Processing file /opt/airflow/dags/medical_image_pipeline_dag.py for tasks to queue
[2025-07-17T12:53:16.809+0000] {logging_mixin.py:188} INFO - [2025-07-17T12:53:16.808+0000] {dagbag.py:545} INFO - Filling up the DagBag from /opt/airflow/dags/medical_image_pipeline_dag.py
[2025-07-17T12:53:16.843+0000] {processor.py:840} INFO - DAG(s) 'medical_image_pipeline_dag' retrieved from /opt/airflow/dags/medical_image_pipeline_dag.py
[2025-07-17T12:53:16.889+0000] {logging_mixin.py:188} INFO - [2025-07-17T12:53:16.888+0000] {dag.py:3096} INFO - Sync 1 DAGs
[2025-07-17T12:53:16.907+0000] {logging_mixin.py:188} INFO - [2025-07-17T12:53:16.907+0000] {dag.py:3954} INFO - Setting next_dagrun for medical_image_pipeline_dag to None, run_after=None
[2025-07-17T12:53:16.936+0000] {processor.py:183} INFO - Processing /opt/airflow/dags/medical_image_pipeline_dag.py took 0.144 seconds
[2025-07-17T12:53:47.235+0000] {processor.py:161} INFO - Started process (PID=402) to work on /opt/airflow/dags/medical_image_pipeline_dag.py
[2025-07-17T12:53:47.241+0000] {processor.py:830} INFO - Processing file /opt/airflow/dags/medical_image_pipeline_dag.py for tasks to queue
[2025-07-17T12:53:47.244+0000] {logging_mixin.py:188} INFO - [2025-07-17T12:53:47.243+0000] {dagbag.py:545} INFO - Filling up the DagBag from /opt/airflow/dags/medical_image_pipeline_dag.py
[2025-07-17T12:53:47.278+0000] {processor.py:840} INFO - DAG(s) 'medical_image_pipeline_dag' retrieved from /opt/airflow/dags/medical_image_pipeline_dag.py
[2025-07-17T12:53:47.319+0000] {logging_mixin.py:188} INFO - [2025-07-17T12:53:47.319+0000] {dag.py:3096} INFO - Sync 1 DAGs
[2025-07-17T12:53:47.340+0000] {logging_mixin.py:188} INFO - [2025-07-17T12:53:47.340+0000] {dag.py:3954} INFO - Setting next_dagrun for medical_image_pipeline_dag to None, run_after=None
[2025-07-17T12:53:47.370+0000] {processor.py:183} INFO - Processing /opt/airflow/dags/medical_image_pipeline_dag.py took 0.144 seconds
[2025-07-17T12:54:17.571+0000] {processor.py:161} INFO - Started process (PID=412) to work on /opt/airflow/dags/medical_image_pipeline_dag.py
[2025-07-17T12:54:17.573+0000] {processor.py:830} INFO - Processing file /opt/airflow/dags/medical_image_pipeline_dag.py for tasks to queue
[2025-07-17T12:54:17.575+0000] {logging_mixin.py:188} INFO - [2025-07-17T12:54:17.575+0000] {dagbag.py:545} INFO - Filling up the DagBag from /opt/airflow/dags/medical_image_pipeline_dag.py
[2025-07-17T12:54:17.605+0000] {processor.py:840} INFO - DAG(s) 'medical_image_pipeline_dag' retrieved from /opt/airflow/dags/medical_image_pipeline_dag.py
[2025-07-17T12:54:17.649+0000] {logging_mixin.py:188} INFO - [2025-07-17T12:54:17.649+0000] {dag.py:3096} INFO - Sync 1 DAGs
[2025-07-17T12:54:17.668+0000] {logging_mixin.py:188} INFO - [2025-07-17T12:54:17.668+0000] {dag.py:3954} INFO - Setting next_dagrun for medical_image_pipeline_dag to None, run_after=None
[2025-07-17T12:54:17.762+0000] {processor.py:183} INFO - Processing /opt/airflow/dags/medical_image_pipeline_dag.py took 0.201 seconds
[2025-07-17T12:54:48.109+0000] {processor.py:161} INFO - Started process (PID=422) to work on /opt/airflow/dags/medical_image_pipeline_dag.py
[2025-07-17T12:54:48.110+0000] {processor.py:830} INFO - Processing file /opt/airflow/dags/medical_image_pipeline_dag.py for tasks to queue
[2025-07-17T12:54:48.115+0000] {logging_mixin.py:188} INFO - [2025-07-17T12:54:48.114+0000] {dagbag.py:545} INFO - Filling up the DagBag from /opt/airflow/dags/medical_image_pipeline_dag.py
[2025-07-17T12:54:48.158+0000] {processor.py:840} INFO - DAG(s) 'medical_image_pipeline_dag' retrieved from /opt/airflow/dags/medical_image_pipeline_dag.py
[2025-07-17T12:54:48.244+0000] {logging_mixin.py:188} INFO - [2025-07-17T12:54:48.244+0000] {dag.py:3096} INFO - Sync 1 DAGs
[2025-07-17T12:54:48.303+0000] {logging_mixin.py:188} INFO - [2025-07-17T12:54:48.303+0000] {dag.py:3954} INFO - Setting next_dagrun for medical_image_pipeline_dag to None, run_after=None
[2025-07-17T12:54:48.383+0000] {processor.py:183} INFO - Processing /opt/airflow/dags/medical_image_pipeline_dag.py took 0.288 seconds
[2025-07-17T12:55:18.763+0000] {processor.py:161} INFO - Started process (PID=432) to work on /opt/airflow/dags/medical_image_pipeline_dag.py
[2025-07-17T12:55:18.767+0000] {processor.py:830} INFO - Processing file /opt/airflow/dags/medical_image_pipeline_dag.py for tasks to queue
[2025-07-17T12:55:18.770+0000] {logging_mixin.py:188} INFO - [2025-07-17T12:55:18.769+0000] {dagbag.py:545} INFO - Filling up the DagBag from /opt/airflow/dags/medical_image_pipeline_dag.py
[2025-07-17T12:55:18.807+0000] {processor.py:840} INFO - DAG(s) 'medical_image_pipeline_dag' retrieved from /opt/airflow/dags/medical_image_pipeline_dag.py
[2025-07-17T12:55:18.851+0000] {logging_mixin.py:188} INFO - [2025-07-17T12:55:18.851+0000] {dag.py:3096} INFO - Sync 1 DAGs
[2025-07-17T12:55:18.871+0000] {logging_mixin.py:188} INFO - [2025-07-17T12:55:18.871+0000] {dag.py:3954} INFO - Setting next_dagrun for medical_image_pipeline_dag to None, run_after=None
[2025-07-17T12:55:18.931+0000] {processor.py:183} INFO - Processing /opt/airflow/dags/medical_image_pipeline_dag.py took 0.176 seconds
