[2025-07-17T12:32:26.153+0000] {local_task_job_runner.py:120} INFO - ::group::Pre task execution logs
[2025-07-17T12:32:26.211+0000] {taskinstance.py:2076} INFO - Dependencies all met for dep_context=non-requeueable deps ti=<TaskInstance: hello_airflow_dag.print_hello manual__2025-07-17T12:32:24.794946+00:00 [queued]>
[2025-07-17T12:32:26.222+0000] {taskinstance.py:2076} INFO - Dependencies all met for dep_context=requeueable deps ti=<TaskInstance: hello_airflow_dag.print_hello manual__2025-07-17T12:32:24.794946+00:00 [queued]>
[2025-07-17T12:32:26.225+0000] {taskinstance.py:2306} INFO - Starting attempt 1 of 1
[2025-07-17T12:32:26.243+0000] {taskinstance.py:2330} INFO - Executing <Task(BashOperator): print_hello> on 2025-07-17 12:32:24.794946+00:00
[2025-07-17T12:32:26.256+0000] {standard_task_runner.py:90} INFO - Running: ['***', 'tasks', 'run', 'hello_***_dag', 'print_hello', 'manual__2025-07-17T12:32:24.794946+00:00', '--job-id', '11', '--raw', '--subdir', 'DAGS_FOLDER/hello_***_dag.py', '--cfg-path', '/tmp/tmpj1x3j26l']
[2025-07-17T12:32:26.261+0000] {standard_task_runner.py:91} INFO - Job 11: Subtask print_hello
[2025-07-17T12:32:26.261+0000] {logging_mixin.py:188} WARNING - /home/***/.local/lib/python3.12/site-packages/***/task/task_runner/standard_task_runner.py:61 DeprecationWarning: This process (pid=197) is multi-threaded, use of fork() may lead to deadlocks in the child.
[2025-07-17T12:32:26.263+0000] {standard_task_runner.py:63} INFO - Started process 201 to run task
[2025-07-17T12:32:26.286+0000] {logging_mixin.py:188} WARNING - /home/***/.local/lib/python3.12/site-packages/***/settings.py:195 DeprecationWarning: The sql_alchemy_conn option in [core] has been moved to the sql_alchemy_conn option in [database] - the old setting has been used, but please update your config.
[2025-07-17T12:32:26.373+0000] {task_command.py:426} INFO - Running <TaskInstance: hello_airflow_dag.print_hello manual__2025-07-17T12:32:24.794946+00:00 [running]> on host 793e2bb10c7e
[2025-07-17T12:32:26.552+0000] {taskinstance.py:2648} INFO - Exporting env vars: AIRFLOW_CTX_DAG_OWNER='***' AIRFLOW_CTX_DAG_ID='hello_***_dag' AIRFLOW_CTX_TASK_ID='print_hello' AIRFLOW_CTX_EXECUTION_DATE='2025-07-17T12:32:24.794946+00:00' AIRFLOW_CTX_TRY_NUMBER='1' AIRFLOW_CTX_DAG_RUN_ID='manual__2025-07-17T12:32:24.794946+00:00'
[2025-07-17T12:32:26.553+0000] {taskinstance.py:430} INFO - ::endgroup::
[2025-07-17T12:32:26.578+0000] {subprocess.py:63} INFO - Tmp dir root location: /tmp
[2025-07-17T12:32:26.580+0000] {subprocess.py:75} INFO - Running command: ['/usr/bin/bash', '-c', 'echo "Hello Airflow!"']
[2025-07-17T12:32:26.593+0000] {subprocess.py:86} INFO - Output:
[2025-07-17T12:32:26.596+0000] {subprocess.py:93} INFO - Hello Airflow!
[2025-07-17T12:32:26.597+0000] {subprocess.py:97} INFO - Command exited with return code 0
[2025-07-17T12:32:26.598+0000] {taskinstance.py:441} INFO - ::group::Post task execution logs
[2025-07-17T12:32:26.634+0000] {taskinstance.py:1206} INFO - Marking task as SUCCESS. dag_id=hello_***_dag, task_id=print_hello, run_id=manual__2025-07-17T12:32:24.794946+00:00, execution_date=20250717T123224, start_date=20250717T123226, end_date=20250717T123226
[2025-07-17T12:32:26.689+0000] {local_task_job_runner.py:240} INFO - Task exited with return code 0
[2025-07-17T12:32:26.713+0000] {taskinstance.py:3503} INFO - 0 downstream tasks scheduled from follow-on schedule check
[2025-07-17T12:32:26.715+0000] {local_task_job_runner.py:222} INFO - ::endgroup::
