[2025-07-17T12:43:12.519+0000] {local_task_job_runner.py:120} INFO - ::group::Pre task execution logs
[2025-07-17T12:43:12.561+0000] {taskinstance.py:2076} INFO - Dependencies all met for dep_context=non-requeueable deps ti=<TaskInstance: medical_image_pipeline_dag.end_pipeline manual__2025-07-17T12:43:08.511629+00:00 [queued]>
[2025-07-17T12:43:12.571+0000] {taskinstance.py:2076} INFO - Dependencies all met for dep_context=requeueable deps ti=<TaskInstance: medical_image_pipeline_dag.end_pipeline manual__2025-07-17T12:43:08.511629+00:00 [queued]>
[2025-07-17T12:43:12.573+0000] {taskinstance.py:2306} INFO - Starting attempt 1 of 1
[2025-07-17T12:43:12.589+0000] {taskinstance.py:2330} INFO - Executing <Task(BashOperator): end_pipeline> on 2025-07-17 12:43:08.511629+00:00
[2025-07-17T12:43:12.598+0000] {logging_mixin.py:188} WARNING - /home/***/.local/lib/python3.12/site-packages/***/task/task_runner/standard_task_runner.py:61 DeprecationWarning: This process (pid=199) is multi-threaded, use of fork() may lead to deadlocks in the child.
[2025-07-17T12:43:12.600+0000] {standard_task_runner.py:63} INFO - Started process 200 to run task
[2025-07-17T12:43:12.598+0000] {standard_task_runner.py:90} INFO - Running: ['***', 'tasks', 'run', 'medical_image_pipeline_dag', 'end_pipeline', 'manual__2025-07-17T12:43:08.511629+00:00', '--job-id', '17', '--raw', '--subdir', 'DAGS_FOLDER/medical_image_pipeline_dag.py', '--cfg-path', '/tmp/tmpnbf52x25']
[2025-07-17T12:43:12.601+0000] {standard_task_runner.py:91} INFO - Job 17: Subtask end_pipeline
[2025-07-17T12:43:12.621+0000] {logging_mixin.py:188} WARNING - /home/***/.local/lib/python3.12/site-packages/***/settings.py:195 DeprecationWarning: The sql_alchemy_conn option in [core] has been moved to the sql_alchemy_conn option in [database] - the old setting has been used, but please update your config.
[2025-07-17T12:43:12.680+0000] {task_command.py:426} INFO - Running <TaskInstance: medical_image_pipeline_dag.end_pipeline manual__2025-07-17T12:43:08.511629+00:00 [running]> on host 88cf9b3f4bfd
[2025-07-17T12:43:12.794+0000] {taskinstance.py:2648} INFO - Exporting env vars: AIRFLOW_CTX_DAG_OWNER='***' AIRFLOW_CTX_DAG_ID='medical_image_pipeline_dag' AIRFLOW_CTX_TASK_ID='end_pipeline' AIRFLOW_CTX_EXECUTION_DATE='2025-07-17T12:43:08.511629+00:00' AIRFLOW_CTX_TRY_NUMBER='1' AIRFLOW_CTX_DAG_RUN_ID='manual__2025-07-17T12:43:08.511629+00:00'
[2025-07-17T12:43:12.796+0000] {taskinstance.py:430} INFO - ::endgroup::
[2025-07-17T12:43:12.817+0000] {subprocess.py:63} INFO - Tmp dir root location: /tmp
[2025-07-17T12:43:12.818+0000] {subprocess.py:75} INFO - Running command: ['/usr/bin/bash', '-c', 'echo "Medical image pipeline finished."']
[2025-07-17T12:43:12.830+0000] {subprocess.py:86} INFO - Output:
[2025-07-17T12:43:12.833+0000] {subprocess.py:93} INFO - Medical image pipeline finished.
[2025-07-17T12:43:12.833+0000] {subprocess.py:97} INFO - Command exited with return code 0
[2025-07-17T12:43:12.834+0000] {taskinstance.py:441} INFO - ::group::Post task execution logs
[2025-07-17T12:43:12.866+0000] {taskinstance.py:1206} INFO - Marking task as SUCCESS. dag_id=medical_image_pipeline_dag, task_id=end_pipeline, run_id=manual__2025-07-17T12:43:08.511629+00:00, execution_date=20250717T124308, start_date=20250717T124312, end_date=20250717T124312
[2025-07-17T12:43:12.896+0000] {local_task_job_runner.py:240} INFO - Task exited with return code 0
[2025-07-17T12:43:12.915+0000] {taskinstance.py:3503} INFO - 0 downstream tasks scheduled from follow-on schedule check
[2025-07-17T12:43:12.918+0000] {local_task_job_runner.py:222} INFO - ::endgroup::
