[2025-07-17T12:32:24.872+0000] {local_task_job_runner.py:120} INFO - ::group::Pre task execution logs
[2025-07-17T12:32:24.938+0000] {taskinstance.py:2076} INFO - Dependencies all met for dep_context=non-requeueable deps ti=<TaskInstance: hello_airflow_dag.print_hello manual__2025-07-17T12:32:23.704982+00:00 [queued]>
[2025-07-17T12:32:24.953+0000] {taskinstance.py:2076} INFO - Dependencies all met for dep_context=requeueable deps ti=<TaskInstance: hello_airflow_dag.print_hello manual__2025-07-17T12:32:23.704982+00:00 [queued]>
[2025-07-17T12:32:24.965+0000] {taskinstance.py:2306} INFO - Starting attempt 1 of 1
[2025-07-17T12:32:25.002+0000] {taskinstance.py:2330} INFO - Executing <Task(BashOperator): print_hello> on 2025-07-17 12:32:23.704982+00:00
[2025-07-17T12:32:25.019+0000] {logging_mixin.py:188} WARNING - /home/***/.local/lib/python3.12/site-packages/***/task/task_runner/standard_task_runner.py:61 DeprecationWarning: This process (pid=191) is multi-threaded, use of fork() may lead to deadlocks in the child.
[2025-07-17T12:32:25.025+0000] {standard_task_runner.py:63} INFO - Started process 192 to run task
[2025-07-17T12:32:25.020+0000] {standard_task_runner.py:90} INFO - Running: ['***', 'tasks', 'run', 'hello_***_dag', 'print_hello', 'manual__2025-07-17T12:32:23.704982+00:00', '--job-id', '7', '--raw', '--subdir', 'DAGS_FOLDER/hello_***_dag.py', '--cfg-path', '/tmp/tmprcrc_ruf']
[2025-07-17T12:32:25.031+0000] {standard_task_runner.py:91} INFO - Job 7: Subtask print_hello
[2025-07-17T12:32:25.076+0000] {logging_mixin.py:188} WARNING - /home/***/.local/lib/python3.12/site-packages/***/settings.py:195 DeprecationWarning: The sql_alchemy_conn option in [core] has been moved to the sql_alchemy_conn option in [database] - the old setting has been used, but please update your config.
[2025-07-17T12:32:25.147+0000] {task_command.py:426} INFO - Running <TaskInstance: hello_airflow_dag.print_hello manual__2025-07-17T12:32:23.704982+00:00 [running]> on host 793e2bb10c7e
[2025-07-17T12:32:25.311+0000] {taskinstance.py:2648} INFO - Exporting env vars: AIRFLOW_CTX_DAG_OWNER='***' AIRFLOW_CTX_DAG_ID='hello_***_dag' AIRFLOW_CTX_TASK_ID='print_hello' AIRFLOW_CTX_EXECUTION_DATE='2025-07-17T12:32:23.704982+00:00' AIRFLOW_CTX_TRY_NUMBER='1' AIRFLOW_CTX_DAG_RUN_ID='manual__2025-07-17T12:32:23.704982+00:00'
[2025-07-17T12:32:25.315+0000] {taskinstance.py:430} INFO - ::endgroup::
[2025-07-17T12:32:25.367+0000] {subprocess.py:63} INFO - Tmp dir root location: /tmp
[2025-07-17T12:32:25.373+0000] {subprocess.py:75} INFO - Running command: ['/usr/bin/bash', '-c', 'echo "Hello Airflow!"']
[2025-07-17T12:32:25.392+0000] {subprocess.py:86} INFO - Output:
[2025-07-17T12:32:25.396+0000] {subprocess.py:93} INFO - Hello Airflow!
[2025-07-17T12:32:25.398+0000] {subprocess.py:97} INFO - Command exited with return code 0
[2025-07-17T12:32:25.399+0000] {taskinstance.py:441} INFO - ::group::Post task execution logs
[2025-07-17T12:32:25.454+0000] {taskinstance.py:1206} INFO - Marking task as SUCCESS. dag_id=hello_***_dag, task_id=print_hello, run_id=manual__2025-07-17T12:32:23.704982+00:00, execution_date=20250717T123223, start_date=20250717T123224, end_date=20250717T123225
[2025-07-17T12:32:25.510+0000] {local_task_job_runner.py:240} INFO - Task exited with return code 0
[2025-07-17T12:32:25.573+0000] {taskinstance.py:3503} INFO - 0 downstream tasks scheduled from follow-on schedule check
[2025-07-17T12:32:25.619+0000] {local_task_job_runner.py:222} INFO - ::endgroup::
