[2025-07-17T12:37:00.173+0000] {local_task_job_runner.py:120} INFO - ::group::Pre task execution logs
[2025-07-17T12:37:00.218+0000] {taskinstance.py:2076} INFO - Dependencies all met for dep_context=non-requeueable deps ti=<TaskInstance: hello_airflow_dag.print_hello manual__2025-07-17T12:36:59.664713+00:00 [queued]>
[2025-07-17T12:37:00.229+0000] {taskinstance.py:2076} INFO - Dependencies all met for dep_context=requeueable deps ti=<TaskInstance: hello_airflow_dag.print_hello manual__2025-07-17T12:36:59.664713+00:00 [queued]>
[2025-07-17T12:37:00.231+0000] {taskinstance.py:2306} INFO - Starting attempt 1 of 1
[2025-07-17T12:37:00.247+0000] {taskinstance.py:2330} INFO - Executing <Task(BashOperator): print_hello> on 2025-07-17 12:36:59.664713+00:00
[2025-07-17T12:37:00.258+0000] {logging_mixin.py:188} WARNING - /home/***/.local/lib/python3.12/site-packages/***/task/task_runner/standard_task_runner.py:61 DeprecationWarning: This process (pid=250) is multi-threaded, use of fork() may lead to deadlocks in the child.
[2025-07-17T12:37:00.260+0000] {standard_task_runner.py:63} INFO - Started process 251 to run task
[2025-07-17T12:37:00.257+0000] {standard_task_runner.py:90} INFO - Running: ['***', 'tasks', 'run', 'hello_***_dag', 'print_hello', 'manual__2025-07-17T12:36:59.664713+00:00', '--job-id', '12', '--raw', '--subdir', 'DAGS_FOLDER/hello_***_dag.py', '--cfg-path', '/tmp/tmp5b5i9db0']
[2025-07-17T12:37:00.261+0000] {standard_task_runner.py:91} INFO - Job 12: Subtask print_hello
[2025-07-17T12:37:00.289+0000] {logging_mixin.py:188} WARNING - /home/***/.local/lib/python3.12/site-packages/***/settings.py:195 DeprecationWarning: The sql_alchemy_conn option in [core] has been moved to the sql_alchemy_conn option in [database] - the old setting has been used, but please update your config.
[2025-07-17T12:37:00.361+0000] {task_command.py:426} INFO - Running <TaskInstance: hello_airflow_dag.print_hello manual__2025-07-17T12:36:59.664713+00:00 [running]> on host 793e2bb10c7e
[2025-07-17T12:37:00.490+0000] {taskinstance.py:2648} INFO - Exporting env vars: AIRFLOW_CTX_DAG_OWNER='***' AIRFLOW_CTX_DAG_ID='hello_***_dag' AIRFLOW_CTX_TASK_ID='print_hello' AIRFLOW_CTX_EXECUTION_DATE='2025-07-17T12:36:59.664713+00:00' AIRFLOW_CTX_TRY_NUMBER='1' AIRFLOW_CTX_DAG_RUN_ID='manual__2025-07-17T12:36:59.664713+00:00'
[2025-07-17T12:37:00.491+0000] {taskinstance.py:430} INFO - ::endgroup::
[2025-07-17T12:37:00.513+0000] {subprocess.py:63} INFO - Tmp dir root location: /tmp
[2025-07-17T12:37:00.514+0000] {subprocess.py:75} INFO - Running command: ['/usr/bin/bash', '-c', 'echo "Hello Airflow!"']
[2025-07-17T12:37:00.526+0000] {subprocess.py:86} INFO - Output:
[2025-07-17T12:37:00.528+0000] {subprocess.py:93} INFO - Hello Airflow!
[2025-07-17T12:37:00.530+0000] {subprocess.py:97} INFO - Command exited with return code 0
[2025-07-17T12:37:00.531+0000] {taskinstance.py:441} INFO - ::group::Post task execution logs
[2025-07-17T12:37:00.570+0000] {taskinstance.py:1206} INFO - Marking task as SUCCESS. dag_id=hello_***_dag, task_id=print_hello, run_id=manual__2025-07-17T12:36:59.664713+00:00, execution_date=20250717T123659, start_date=20250717T123700, end_date=20250717T123700
[2025-07-17T12:37:00.636+0000] {local_task_job_runner.py:240} INFO - Task exited with return code 0
[2025-07-17T12:37:00.661+0000] {taskinstance.py:3503} INFO - 0 downstream tasks scheduled from follow-on schedule check
[2025-07-17T12:37:00.664+0000] {local_task_job_runner.py:222} INFO - ::endgroup::
