[2025-07-17T12:43:09.497+0000] {local_task_job_runner.py:120} INFO - ::group::Pre task execution logs
[2025-07-17T12:43:09.543+0000] {taskinstance.py:2076} INFO - Dependencies all met for dep_context=non-requeueable deps ti=<TaskInstance: medical_image_pipeline_dag.start_pipeline manual__2025-07-17T12:43:08.511629+00:00 [queued]>
[2025-07-17T12:43:09.553+0000] {taskinstance.py:2076} INFO - Dependencies all met for dep_context=requeueable deps ti=<TaskInstance: medical_image_pipeline_dag.start_pipeline manual__2025-07-17T12:43:08.511629+00:00 [queued]>
[2025-07-17T12:43:09.556+0000] {taskinstance.py:2306} INFO - Starting attempt 1 of 1
[2025-07-17T12:43:09.572+0000] {taskinstance.py:2330} INFO - Executing <Task(BashOperator): start_pipeline> on 2025-07-17 12:43:08.511629+00:00
[2025-07-17T12:43:09.585+0000] {logging_mixin.py:188} WARNING - /home/***/.local/lib/python3.12/site-packages/***/task/task_runner/standard_task_runner.py:61 DeprecationWarning: This process (pid=190) is multi-threaded, use of fork() may lead to deadlocks in the child.
[2025-07-17T12:43:09.587+0000] {standard_task_runner.py:63} INFO - Started process 191 to run task
[2025-07-17T12:43:09.583+0000] {standard_task_runner.py:90} INFO - Running: ['***', 'tasks', 'run', 'medical_image_pipeline_dag', 'start_pipeline', 'manual__2025-07-17T12:43:08.511629+00:00', '--job-id', '14', '--raw', '--subdir', 'DAGS_FOLDER/medical_image_pipeline_dag.py', '--cfg-path', '/tmp/tmpx2gv0lz1']
[2025-07-17T12:43:09.590+0000] {standard_task_runner.py:91} INFO - Job 14: Subtask start_pipeline
[2025-07-17T12:43:09.616+0000] {logging_mixin.py:188} WARNING - /home/***/.local/lib/python3.12/site-packages/***/settings.py:195 DeprecationWarning: The sql_alchemy_conn option in [core] has been moved to the sql_alchemy_conn option in [database] - the old setting has been used, but please update your config.
[2025-07-17T12:43:09.682+0000] {task_command.py:426} INFO - Running <TaskInstance: medical_image_pipeline_dag.start_pipeline manual__2025-07-17T12:43:08.511629+00:00 [running]> on host 88cf9b3f4bfd
[2025-07-17T12:43:09.811+0000] {taskinstance.py:2648} INFO - Exporting env vars: AIRFLOW_CTX_DAG_OWNER='***' AIRFLOW_CTX_DAG_ID='medical_image_pipeline_dag' AIRFLOW_CTX_TASK_ID='start_pipeline' AIRFLOW_CTX_EXECUTION_DATE='2025-07-17T12:43:08.511629+00:00' AIRFLOW_CTX_TRY_NUMBER='1' AIRFLOW_CTX_DAG_RUN_ID='manual__2025-07-17T12:43:08.511629+00:00'
[2025-07-17T12:43:09.813+0000] {taskinstance.py:430} INFO - ::endgroup::
[2025-07-17T12:43:09.856+0000] {subprocess.py:63} INFO - Tmp dir root location: /tmp
[2025-07-17T12:43:09.858+0000] {subprocess.py:75} INFO - Running command: ['/usr/bin/bash', '-c', 'echo "Starting medical image pipeline..."']
[2025-07-17T12:43:09.870+0000] {subprocess.py:86} INFO - Output:
[2025-07-17T12:43:09.872+0000] {subprocess.py:93} INFO - Starting medical image pipeline...
[2025-07-17T12:43:09.873+0000] {subprocess.py:97} INFO - Command exited with return code 0
[2025-07-17T12:43:09.875+0000] {taskinstance.py:441} INFO - ::group::Post task execution logs
[2025-07-17T12:43:09.909+0000] {taskinstance.py:1206} INFO - Marking task as SUCCESS. dag_id=medical_image_pipeline_dag, task_id=start_pipeline, run_id=manual__2025-07-17T12:43:08.511629+00:00, execution_date=20250717T124308, start_date=20250717T124309, end_date=20250717T124309
[2025-07-17T12:43:09.962+0000] {local_task_job_runner.py:240} INFO - Task exited with return code 0
[2025-07-17T12:43:09.995+0000] {taskinstance.py:3503} INFO - 1 downstream tasks scheduled from follow-on schedule check
[2025-07-17T12:43:10.001+0000] {local_task_job_runner.py:222} INFO - ::endgroup::
